[16:04:21] [INFO] Starting Crpytography GUI...
[16:04:21] [INFO] Loading pygame essentials...
[16:04:21] [DEBUG] Initialising shared objects...
[16:04:21] [DEBUG] 
name: back, type: button
meta: None 
images: ['button', 'button_hover'] 
frame: bx:47 by:28 w:162 h:67 ix:0 iy:0
hover_action: True
runclass:back, runclass_parameter:False
[16:04:21] [DEBUG] 
name: info, type: button
meta: None 
images: ['button', 'button_hover'] 
frame: bx:813 by:28 w:162 h:67 ix:814 iy:0
hover_action: True
runclass:info, runclass_parameter:False
[16:04:21] [INFO] Loading invalid input...
[16:04:21] [DEBUG] Initialising invalid input variables...
[16:04:21] [DEBUG] Initialising invalid input objects...
[16:04:21] [DEBUG] 
name: invalid_input background, type: background
meta: None 
images: ['background'] 
frame: bx:0 by:0 w:1024 h:768 ix:0 iy:0
hover_action: None
runclass:None, runclass_parameter:False
[16:04:21] [DEBUG] 
name: alert, type: alert
meta: None 
images: ['alert'] 
frame: bx:306 by:291 w:412 h:186 ix:0 iy:0
hover_action: None
runclass:None, runclass_parameter:False
[16:04:21] [DEBUG] 
name: ok!, type: button
meta: None 
images: ['button', 'button_hover'] 
frame: bx:422 by:429 w:179 h:35 ix:422 iy:429
hover_action: True
runclass:back, runclass_parameter:False
[16:04:21] [INFO] Initialising invalid input window...
[16:04:21] [DEBUG] 
name: invalid_input
Window: <Surface(1024x768x32 SW)>
frame: bx:0 by:0 w:1024 h:768 ix:0 iy:0
background_fill:None, is_alphaTrue
[16:04:21] [INFO] Loading atbash cipher...
[16:04:21] [DEBUG] Initialising atbash cipher variables...
[16:04:21] [DEBUG] Initialising atbash cipher objects...
[16:04:21] [DEBUG] 
name: atbash_cipher background, type: background
meta: None 
images: ['background'] 
frame: bx:0 by:0 w:1024 h:768 ix:0 iy:0
hover_action: None
runclass:None, runclass_parameter:False
[16:04:21] [DEBUG] 
name: plaintext, type: textfield
meta: text:plaintext
      font_type:font/Monaco.dfont, is_custom_font:True, font_size:34, colour:(0, 0, 0)
      validation:<input_validation.validate.text object at 0x0000027AD7B30280> 
images: ['textfield', 'textfield_selected'] 
frame: bx:325 by:156 w:632 h:62 ix:307 iy:146
hover_action: None
runclass:<function textfield_event.run at 0x0000027AD9B951F0>, runclass_parameter:True
[16:04:21] [DEBUG] 
name: ciphertext, type: textfield
meta: text:ciphertext
      font_type:font/Monaco.dfont, is_custom_font:True, font_size:34, colour:(0, 0, 0)
      validation:<input_validation.validate.text object at 0x0000027AD7B30280> 
images: ['textfield'] 
frame: bx:325 by:542 w:632 h:62 ix:307 iy:533
hover_action: None
runclass:, runclass_parameter:True
[16:04:21] [DEBUG] Initialising atbash cipher window...
[16:04:21] [DEBUG] 
name: atbash_cipher
Window: <Surface(1024x768x32 SW)>
frame: bx:0 by:0 w:1024 h:768 ix:0 iy:0
background_fill:None, is_alphaFalse
[16:04:21] [INFO] Loading affine cipher...
[16:04:21] [DEBUG] Initialising affine cipher variables...
[16:04:21] [DEBUG] Initialising affine cipher objects...
[16:04:21] [DEBUG] 
name: affine_cipher background, type: background
meta: None 
images: ['background'] 
frame: bx:0 by:0 w:1024 h:768 ix:0 iy:0
hover_action: None
runclass:None, runclass_parameter:False
[16:04:21] [DEBUG] 
name: plaintext, type: textfield
meta: text:plaintext
      font_type:font/Monaco.dfont, is_custom_font:True, font_size:34, colour:(0, 0, 0)
      validation:<input_validation.validate.text object at 0x0000027AD7B30280> 
images: ['textfield', 'textfield_selected'] 
frame: bx:325 by:158 w:632 h:62 ix:307 iy:150
hover_action: None
runclass:<function textfield_event.run at 0x0000027AD9B951F0>, runclass_parameter:True
[16:04:21] [DEBUG] 
name: a, type: textfield
meta: text:1
      font_type:font/Monaco.dfont, is_custom_font:True, font_size:34, colour:(0, 0, 0)
      validation:<input_validation.validate.digits object at 0x0000027AD9B8ADC0> 
images: ['textfield', 'textfield_selected'] 
frame: bx:325 by:248 w:160 h:62 ix:307 iy:238
hover_action: None
runclass:<function textfield_event.run at 0x0000027AD9B951F0>, runclass_parameter:True
[16:04:21] [DEBUG] 
name: b, type: textfield
meta: text:2
      font_type:font/Monaco.dfont, is_custom_font:True, font_size:34, colour:(0, 0, 0)
      validation:<input_validation.validate.digits object at 0x0000027AD9B8AEE0> 
images: ['textfield', 'textfield_selected'] 
frame: bx:569 by:247 w:160 h:62 ix:551 iy:238
hover_action: None
runclass:<function textfield_event.run at 0x0000027AD9B951F0>, runclass_parameter:True
[16:04:21] [DEBUG] 
name: ciphertext, type: textfield
meta: text:ciphertext
      font_type:font/Monaco.dfont, is_custom_font:True, font_size:34, colour:(0, 0, 0)
      validation:<input_validation.validate.text object at 0x0000027AD7B30280> 
images: ['textfield'] 
frame: bx:325 by:535 w:632 h:62 ix:307 iy:526
hover_action: None
runclass:, runclass_parameter:True
[16:04:21] [DEBUG] Initialising affine cipher window...
[16:04:21] [DEBUG] 
name: affine_cipher
Window: <Surface(1024x768x32 SW)>
frame: bx:0 by:0 w:1024 h:768 ix:0 iy:0
background_fill:None, is_alphaFalse
[16:04:21] [INFO] Loading caesar cipher...
[16:04:21] [DEBUG] Initialising caesar cipher variables...
[16:04:21] [DEBUG] Initialising caesar cipher objects...
[16:04:21] [DEBUG] 
name: caesar_cipher background, type: background
meta: None 
images: ['background'] 
frame: bx:0 by:0 w:1024 h:768 ix:0 iy:0
hover_action: None
runclass:None, runclass_parameter:False
[16:04:21] [DEBUG] 
name: plaintext, type: textfield
meta: text:plaintext
      font_type:font/Monaco.dfont, is_custom_font:True, font_size:34, colour:(0, 0, 0)
      validation:<input_validation.validate.text object at 0x0000027AD7B30280> 
images: ['textfield', 'textfield_selected'] 
frame: bx:325 by:156 w:632 h:62 ix:307 iy:146
hover_action: None
runclass:<function textfield_event.run at 0x0000027AD9B951F0>, runclass_parameter:True
[16:04:21] [DEBUG] 
name: key, type: textfield
meta: text:1
      font_type:font/Monaco.dfont, is_custom_font:True, font_size:34, colour:(0, 0, 0)
      validation:<input_validation.validate.digits object at 0x0000027AD9B97040> 
images: ['textfield', 'textfield_selected'] 
frame: bx:325 by:238 w:160 h:62 ix:307 iy:229
hover_action: None
runclass:<function textfield_event.run at 0x0000027AD9B951F0>, runclass_parameter:True
[16:04:21] [DEBUG] 
name: alphabet, type: textfield
meta: text:"ABCDEFGHIJKLMNOPQRSTUVWXYZ"
      font_type:font/Monaco.dfont, is_custom_font:True, font_size:34, colour:(255, 255, 255)
      validation:<input_validation.validate.text object at 0x0000027AD7B30280> 
images: ['textfield'] 
frame: bx:311 by:403 w:649 h:47 ix:311 iy:403
hover_action: None
runclass:, runclass_parameter:True
[16:04:21] [DEBUG] 
name: replaced, type: textfield
meta: text:"ABCDEFGHIJKLMNOPQRSTUVWXYZ"
      font_type:font/Monaco.dfont, is_custom_font:True, font_size:34, colour:(255, 255, 255)
      validation:<input_validation.validate.text object at 0x0000027AD7B30280> 
images: ['textfield'] 
frame: bx:311 by:464 w:649 h:47 ix:311 iy:464
hover_action: None
runclass:, runclass_parameter:True
[16:04:21] [DEBUG] 
name: ciphertext, type: textfield
meta: text:ciphertext
      font_type:font/Monaco.dfont, is_custom_font:True, font_size:34, colour:(0, 0, 0)
      validation:<input_validation.validate.text object at 0x0000027AD7B30280> 
images: ['textfield'] 
frame: bx:325 by:574 w:632 h:62 ix:307 iy:564
hover_action: None
runclass:, runclass_parameter:True
[16:04:21] [DEBUG] Initialising caesar cipher window...
[16:04:21] [DEBUG] 
name: caesar_cipher
Window: <Surface(1024x768x32 SW)>
frame: bx:0 by:0 w:1024 h:768 ix:0 iy:0
background_fill:None, is_alphaFalse
[16:04:21] [INFO] Loading monoalphabetic subsitution cipher...
[16:04:21] [DEBUG] Initialising monoalphabetic subsitution cipher variables...
[16:04:21] [DEBUG] Initialising monoalphabetic subsitution cipher objects...
[16:04:21] [DEBUG] 
name: monoalphabetic_subsitution_cipher background, type: background
meta: None 
images: ['background'] 
frame: bx:0 by:0 w:1024 h:768 ix:0 iy:0
hover_action: None
runclass:None, runclass_parameter:False
[16:04:21] [DEBUG] 
name: shuffle, type: button
meta: None 
images: ['button', 'button_hover'] 
frame: bx:738 by:459 w:199 h:56 ix:738 iy:459
hover_action: True
runclass:shuffle, runclass_parameter:False
[16:04:21] [DEBUG] 
name: plaintext, type: textfield
meta: text:plaintext
      font_type:font/Monaco.dfont, is_custom_font:True, font_size:34, colour:(0, 0, 0)
      validation:<input_validation.validate.text object at 0x0000027AD7B30280> 
images: ['textfield', 'textfield_selected'] 
frame: bx:325 by:172 w:632 h:62 ix:307 iy:165
hover_action: None
runclass:<function textfield_event.run at 0x0000027AD9B951F0>, runclass_parameter:True
[16:04:21] [DEBUG] 
name: alphabet, type: textfield
meta: text:"ABCDEFGHIJKLMNOPQRSTUVWXYZ"
      font_type:font/Monaco.dfont, is_custom_font:True, font_size:34, colour:(255, 255, 255)
      validation:<input_validation.validate.text object at 0x0000027AD7B30280> 
images: ['textfield'] 
frame: bx:325 by:314 w:632 h:62 ix:325 iy:314
hover_action: None
runclass:, runclass_parameter:True
[16:04:21] [DEBUG] 
name: key, type: textfield
meta: text:"ABCDEFGHIJKLMNOPQRSTUVWXYZ"
      font_type:font/Monaco.dfont, is_custom_font:True, font_size:34, colour:(0, 0, 0)
      validation:<input_validation.validate.text object at 0x0000027AD7B30280> 
images: ['textfield'] 
frame: bx:325 by:384 w:632 h:62 ix:307 iy:375
hover_action: None
runclass:, runclass_parameter:True
[16:04:21] [DEBUG] 
name: ciphertext, type: textfield
meta: text:ciphertext
      font_type:font/Monaco.dfont, is_custom_font:True, font_size:34, colour:(0, 0, 0)
      validation:<input_validation.validate.text object at 0x0000027AD7B30280> 
images: ['textfield'] 
frame: bx:325 by:609 w:632 h:62 ix:307 iy:601
hover_action: None
runclass:, runclass_parameter:True
[16:04:21] [DEBUG] Initialising monoalphabetic subsitution cipher window...
[16:04:21] [DEBUG] 
name: monoalphabetic_subsitution_cipher
Window: <Surface(1024x768x32 SW)>
frame: bx:0 by:0 w:1024 h:768 ix:0 iy:0
background_fill:None, is_alphaFalse
[16:04:21] [INFO] Loading polyalphabetic subsitution cipher...
[16:04:21] [DEBUG] Initialising polyalphabetic subsitution variables...
[16:04:21] [DEBUG] Initialising polyalphabetic subsitution objects...
[16:04:21] [DEBUG] 
name: polyalphabetic_substitution_cipher background, type: background
meta: None 
images: ['background'] 
frame: bx:0 by:0 w:1024 h:768 ix:0 iy:0
hover_action: None
runclass:None, runclass_parameter:False
[16:04:21] [DEBUG] 
name: keyword, type: textfield
meta: text:KEYWORD
      font_type:font/Monaco.dfont, is_custom_font:True, font_size:34, colour:(0, 0, 0)
      validation:<input_validation.validate.text object at 0x0000027AD7B30280> 
images: ['textfield', 'textfield_selected'] 
frame: bx:325 by:174 w:632 h:62 ix:307 iy:165
hover_action: None
runclass:<function textfield_event.run at 0x0000027AD9B951F0>, runclass_parameter:True
[16:04:21] [DEBUG] 
name: plaintext, type: textfield
meta: text:plaintext
      font_type:font/Monaco.dfont, is_custom_font:True, font_size:34, colour:(0, 0, 0)
      validation:<input_validation.validate.text object at 0x0000027AD7B30280> 
images: ['textfield', 'textfield_selected'] 
frame: bx:325 by:255 w:632 h:62 ix:307 iy:248
hover_action: None
runclass:<function textfield_event.run at 0x0000027AD9B951F0>, runclass_parameter:True
[16:04:21] [DEBUG] 
name: text, type: textfield
meta: text:text
      font_type:font/Monaco.dfont, is_custom_font:True, font_size:34, colour:(255, 255, 255)
      validation:<input_validation.validate.text object at 0x0000027AD7B30280> 
images: ['textfield'] 
frame: bx:325 by:381 w:632 h:62 ix:325 iy:381
hover_action: None
runclass:, runclass_parameter:True
[16:04:21] [DEBUG] 
name: key, type: textfield
meta: text:key
      font_type:font/Monaco.dfont, is_custom_font:True, font_size:34, colour:(255, 255, 255)
      validation:<input_validation.validate.text object at 0x0000027AD7B30280> 
images: ['textfield'] 
frame: bx:325 by:437 w:632 h:62 ix:307 iy:437
hover_action: None
runclass:, runclass_parameter:True
[16:04:21] [DEBUG] 
name: ciphertext, type: textfield
meta: text:ciphertext
      font_type:font/Monaco.dfont, is_custom_font:True, font_size:34, colour:(0, 0, 0)
      validation:<input_validation.validate.text object at 0x0000027AD7B30280> 
images: ['textfield'] 
frame: bx:325 by:572 w:632 h:62 ix:307 iy:564
hover_action: None
runclass:, runclass_parameter:True
[16:04:21] [DEBUG] Initialising polyalphabetic subsitution window...
[16:04:21] [DEBUG] 
name: polyalphabetic_substitution_cipher
Window: <Surface(1024x768x32 SW)>
frame: bx:0 by:0 w:1024 h:768 ix:0 iy:0
background_fill:None, is_alphaFalse
[16:04:21] [INFO] Loading home screen...
[16:04:21] [DEBUG] Initialising home screen variables...
[16:04:21] [DEBUG] Initialising home screen objects...
[16:04:21] [DEBUG] 
name: cryptography background, type: background
meta: None 
images: ['background'] 
frame: bx:0 by:0 w:1024 h:768 ix:0 iy:0
hover_action: None
runclass:None, runclass_parameter:False
[16:04:21] [DEBUG] 
name: atbash_cipher, type: button
meta: None 
images: ['button', 'button_hover'] 
frame: bx:47 by:112 w:929 h:86 ix:0 iy:112
hover_action: True
runclass:<function atbash_cipher.run at 0x0000027AD9B95310>, runclass_parameter:False
[16:04:21] [DEBUG] 
name: affine_cipher, type: button
meta: None 
images: ['button', 'button_hover'] 
frame: bx:47 by:218 w:929 h:86 ix:0 iy:218
hover_action: True
runclass:<function affine_cipher.run at 0x0000027AD9B954C0>, runclass_parameter:False
[16:04:21] [DEBUG] 
name: caesar_cipher, type: button
meta: None 
images: ['button', 'button_hover'] 
frame: bx:47 by:324 w:929 h:86 ix:0 iy:324
hover_action: True
runclass:<function caesar_cipher.run at 0x0000027AD9B95670>, runclass_parameter:False
[16:04:21] [DEBUG] 
name: monoalphabetic_subsitution_cipher, type: button
meta: None 
images: ['button', 'button_hover'] 
frame: bx:47 by:430 w:929 h:86 ix:0 iy:430
hover_action: True
runclass:<function monoalphabetic_subsitution_cipher.run at 0x0000027AD9B958B0>, runclass_parameter:False
[16:04:21] [DEBUG] 
name: polyalphabetic_substitution_cipher, type: button
meta: None 
images: ['button', 'button_hover'] 
frame: bx:47 by:536 w:929 h:86 ix:0 iy:536
hover_action: True
runclass:<function polyalphabetic_substitution_cipher.run at 0x0000027AD9B95A60>, runclass_parameter:False
[16:04:21] [DEBUG] Initialising home screen window...
[16:04:21] [DEBUG] 
name: cryptography
Window: <Surface(1024x1000x32 SW)>
frame: bx:0 by:0 w:1024 h:1000 ix:0 iy:0
background_fill:None, is_alphaFalse
[16:04:21] [INFO] Loaded home screen window.
[16:04:21] [DEBUG] Hovered on monoalphabetic_subsitution_cipher button.
[16:04:22] [DEBUG] Hovered on caesar_cipher button.
[16:04:22] [DEBUG] Hovered on affine_cipher button.
[16:04:22] [INFO] Exiting program...
